[debug] [2021-03-22T13:45:28.973Z] ----------------------------------------------------------------------
[debug] [2021-03-22T13:45:28.983Z] Command:       /usr/local/bin/node /usr/local/bin/firebase init hosting
[debug] [2021-03-22T13:45:28.984Z] CLI Version:   9.6.1
[debug] [2021-03-22T13:45:28.984Z] Platform:      darwin
[debug] [2021-03-22T13:45:28.984Z] Node Version:  v12.18.3
[debug] [2021-03-22T13:45:29.014Z] Time:          Mon Mar 22 2021 09:45:28 GMT-0400 (Eastern Daylight Time)
[debug] [2021-03-22T13:45:29.014Z] ----------------------------------------------------------------------
[debug] [2021-03-22T13:45:29.015Z] 
[debug] [2021-03-22T13:45:29.039Z] > command requires scopes: ["email","openid","https://www.googleapis.com/auth/cloudplatformprojects.readonly","https://www.googleapis.com/auth/firebase","https://www.googleapis.com/auth/cloud-platform"]
[debug] [2021-03-22T13:45:29.040Z] > authorizing via signed-in user
[info] 
     ######## #### ########  ######## ########     ###     ######  ########
     ##        ##  ##     ## ##       ##     ##  ##   ##  ##       ##
     ######    ##  ########  ######   ########  #########  ######  ######
     ##        ##  ##    ##  ##       ##     ## ##     ##       ## ##
     ##       #### ##     ## ######## ########  ##     ##  ######  ########

You're about to initialize a Firebase project in this directory:

  /Users/josephbollinger/Documents/udemy/react-complete-guide/burger-builder

Before we get started, keep in mind:

  * You are initializing in an existing Firebase project directory

[info] 
=== Project Setup
[info] 
[info] First, let's associate this project directory with a Firebase project.
[info] You can create multiple project aliases by running firebase use --add, 
[info] but for now we'll just set up a default project.
[info] 
[info] i  .firebaserc already has a default project, using react-my-burger-51211. 
[debug] [2021-03-22T13:45:29.092Z] > refreshing access token with scopes: []
[debug] [2021-03-22T13:45:29.092Z] >>> HTTP REQUEST POST https://www.googleapis.com/oauth2/v3/token  
 <request body omitted>
[debug] [2021-03-22T13:45:29.340Z] <<< HTTP RESPONSE 200 {"cache-control":"no-cache, no-store, max-age=0, must-revalidate","date":"Mon, 22 Mar 2021 13:45:29 GMT","expires":"Mon, 01 Jan 1990 00:00:00 GMT","pragma":"no-cache","content-type":"application/json; charset=utf-8","vary":"X-Origin, Referer, Origin,Accept-Encoding","server":"scaffolding on HTTPServer2","x-xss-protection":"0","x-frame-options":"SAMEORIGIN","x-content-type-options":"nosniff","alt-svc":"h3-29=\":443\"; ma=2592000,h3-T051=\":443\"; ma=2592000,h3-Q050=\":443\"; ma=2592000,h3-Q046=\":443\"; ma=2592000,h3-Q043=\":443\"; ma=2592000,quic=\":443\"; ma=2592000; v=\"46,43\"","accept-ranges":"none","transfer-encoding":"chunked"}
[debug] [2021-03-22T13:45:29.378Z] >>> [apiv2][query] GET https://firebase.googleapis.com/v1beta1/projects/react-my-burger-51211 [none]
[debug] [2021-03-22T13:45:29.566Z] <<< [apiv2][status] GET https://firebase.googleapis.com/v1beta1/projects/react-my-burger-51211 200
[debug] [2021-03-22T13:45:29.566Z] <<< [apiv2][body] GET https://firebase.googleapis.com/v1beta1/projects/react-my-burger-51211 {"projectId":"react-my-burger-51211","projectNumber":"802274854753","displayName":"react-my-burger","name":"projects/react-my-burger-51211","resources":{"hostingSite":"react-my-burger-51211","realtimeDatabaseInstance":"react-my-burger-51211-default-rtdb"},"state":"ACTIVE"}
[info] 
=== Hosting Setup
[info] 
[info] Your public directory is the folder (relative to your project directory) that
[info] will contain Hosting assets to be uploaded with firebase deploy. If you
[info] have a build process for your assets, use your build's output directory.
[info] 
[debug] [2021-03-22T13:46:07.448Z] >>> [apiv2][query] GET https://www.gstatic.com/firebasejs/releases.json [none]
[debug] [2021-03-22T13:46:07.517Z] <<< [apiv2][status] GET https://www.gstatic.com/firebasejs/releases.json 200
[debug] [2021-03-22T13:46:07.517Z] <<< [apiv2][body] GET https://www.gstatic.com/firebasejs/releases.json {"current":{"version":"8.3.1","browserURL":"https://www.gstatic.com/firebasejs/8.3.1/firebase.js","packageURL":"https://www.gstatic.com/firebasejs/8.3.1/firebase.tgz"},"live":{"version":"8.3","browserURL":"https://www.gstatic.com/firebasejs/live/8.3/firebase.js","packageURL":"https://www.gstatic.com/firebasejs/live/8.3/firebase.tgz"},"components":{"analytics":"https://www.gstatic.com/firebasejs/8.3.1/firebase-analytics.js","app":"https://www.gstatic.com/firebasejs/8.3.1/firebase-app.js","auth":"https://www.gstatic.com/firebasejs/8.3.1/firebase-auth.js","database":"https://www.gstatic.com/firebasejs/8.3.1/firebase-database.js","firestore":"https://www.gstatic.com/firebasejs/8.3.1/firebase-firestore.js","functions":"https://www.gstatic.com/firebasejs/8.3.1/firebase-functions.js","installations":"https://www.gstatic.com/firebasejs/8.3.1/firebase-installations.js","messaging":"https://www.gstatic.com/firebasejs/8.3.1/firebase-messaging.js","storage":"https://www.gstatic.com/firebasejs/8.3.1/firebase-storage.js","performance":"https://www.gstatic.com/firebasejs/8.3.1/firebase-performance.js","remote-config":"https://www.gstatic.com/firebasejs/8.3.1/firebase-remote-config.js","firestore.memory":"https://www.gstatic.com/firebasejs/8.3.1/firebase-firestore.memory.js"}}
[info] i  Skipping write of build/index.html 
[info] 
[info] i  Detected a .git folder at /Users/josephbollinger/Documents/udemy/react-complete-guide/burger-builder 
[info] i  Authorizing with GitHub to upload your service account to a GitHub repository's secrets store. 
[info] 
[info] Visit this URL on this device to log in:
[info] https://github.com/login/oauth/authorize?client_id=89cf50f02ac6aaed3484&state=637702006&redirect_uri=http%3A%2F%2Flocalhost%3A9005&scope=read%3Auser%20repo%20public_repo
[info] 
[info] Waiting for authentication...
[debug] [2021-03-22T13:47:49.744Z] >>> HTTP REQUEST POST https://github.com/login/oauth/access_token  
 {"client_id":"89cf50f02ac6aaed3484","client_secret":"3330d14abc895d9a74d5f17cd7a00711fa2c5bf0","code":"e70b35aeb2b6f632cc11","redirect_uri":"http://localhost:9005","state":"637702006"}
[debug] [2021-03-22T13:47:49.918Z] <<< HTTP RESPONSE 200 {"server":"GitHub.com","date":"Mon, 22 Mar 2021 13:47:50 GMT","content-type":"application/json; charset=utf-8","transfer-encoding":"chunked","vary":"X-PJAX, Accept-Encoding, Accept, X-Requested-With","etag":"W/\"cbef4f56987b8e0f44bbeaeff4616cde\"","cache-control":"max-age=0, private, must-revalidate","strict-transport-security":"max-age=31536000; includeSubdomains; preload","x-frame-options":"deny","x-content-type-options":"nosniff","x-xss-protection":"0","referrer-policy":"origin-when-cross-origin, strict-origin-when-cross-origin","expect-ct":"max-age=2592000, report-uri=\"https://api.github.com/_private/browser/errors\"","content-security-policy":"default-src 'none'; base-uri 'self'; block-all-mixed-content; connect-src 'self' uploads.github.com www.githubstatus.com collector.githubapp.com api.github.com github-cloud.s3.amazonaws.com github-production-repository-file-5c1aeb.s3.amazonaws.com github-production-upload-manifest-file-7fdce7.s3.amazonaws.com github-production-user-asset-6210df.s3.amazonaws.com cdn.optimizely.com logx.optimizely.com/v1/events wss://alive.github.com; font-src github.githubassets.com; form-action 'self' github.com gist.github.com; frame-ancestors 'none'; frame-src render.githubusercontent.com; img-src 'self' data: github.githubassets.com identicons.github.com collector.githubapp.com github-cloud.s3.amazonaws.com secured-user-images.githubusercontent.com/ *.githubusercontent.com; manifest-src 'self'; media-src 'none'; script-src github.githubassets.com; style-src 'unsafe-inline' github.githubassets.com; worker-src github.com/socket-worker-6832eced.js gist.github.com/socket-worker-6832eced.js","x-github-request-id":"D875:28EF:39A6CA3:43F388A:6058A006"}
[debug] [2021-03-22T13:47:49.926Z] >>> [apiv2][query] GET https://api.github.com/user [none]
[debug] [2021-03-22T13:47:50.103Z] <<< [apiv2][status] GET https://api.github.com/user 200
[debug] [2021-03-22T13:47:50.103Z] <<< [apiv2][body] GET https://api.github.com/user {"login":"joe-bollinger","id":68394786,"node_id":"MDQ6VXNlcjY4Mzk0Nzg2","avatar_url":"https://avatars.githubusercontent.com/u/68394786?v=4","gravatar_id":"","url":"https://api.github.com/users/joe-bollinger","html_url":"https://github.com/joe-bollinger","followers_url":"https://api.github.com/users/joe-bollinger/followers","following_url":"https://api.github.com/users/joe-bollinger/following{/other_user}","gists_url":"https://api.github.com/users/joe-bollinger/gists{/gist_id}","starred_url":"https://api.github.com/users/joe-bollinger/starred{/owner}{/repo}","subscriptions_url":"https://api.github.com/users/joe-bollinger/subscriptions","organizations_url":"https://api.github.com/users/joe-bollinger/orgs","repos_url":"https://api.github.com/users/joe-bollinger/repos","events_url":"https://api.github.com/users/joe-bollinger/events{/privacy}","received_events_url":"https://api.github.com/users/joe-bollinger/received_events","type":"User","site_admin":false,"name":null,"company":null,"blog":"","location":null,"email":null,"hireable":null,"bio":null,"twitter_username":null,"public_repos":4,"public_gists":0,"followers":2,"following":0,"created_at":"2020-07-16T17:42:37Z","updated_at":"2021-03-22T13:47:34Z","private_gists":0,"total_private_repos":0,"owned_private_repos":0,"disk_usage":40707,"collaborators":0,"two_factor_authentication":false,"plan":{"name":"free","space":976562499,"collaborators":0,"private_repos":10000}}
[info] 
[info] ✔  Success! Logged into GitHub as joe-bollinger 
[info] 
[debug] [2021-03-22T13:48:58.657Z] >>> [apiv2][query] GET https://api.github.com/repos/joe-bollinger/react-my-burger/actions/secrets/public-key type=owner
[debug] [2021-03-22T13:48:58.786Z] <<< [apiv2][status] GET https://api.github.com/repos/joe-bollinger/react-my-burger/actions/secrets/public-key 404
[debug] [2021-03-22T13:48:58.786Z] <<< [apiv2][body] GET https://api.github.com/repos/joe-bollinger/react-my-burger/actions/secrets/public-key {"message":"Not Found","documentation_url":"https://docs.github.com/rest/reference/actions#get-a-repository-public-key"}
